# JRE version: OpenJDK Runtime Environment (8.0_152-b01) (build 1.8.0_152-release-1248-b01)
# Java VM: OpenJDK 64-Bit Server VM (25.152-b01 mixed mode windows-amd64 compressed oops)
Heap:
 PSYoungGen      total 406016K, used 147954K [0x00000000e0000000, 0x0000000100000000, 0x0000000100000000)
  eden space 365568K, 40% used [0x00000000e0000000,0x00000000e907c860,0x00000000f6500000)
  from space 40448K, 0% used [0x00000000f6500000,0x00000000f6500000,0x00000000f8c80000)
  to   space 55296K, 0% used [0x00000000fca00000,0x00000000fca00000,0x0000000100000000)
 ParOldGen       total 177664K, used 72407K [0x00000000a0000000, 0x00000000aad80000, 0x00000000e0000000)
  object space 177664K, 40% used [0x00000000a0000000,0x00000000a46b5f98,0x00000000aad80000)
 Metaspace       used 89020K, capacity 92126K, committed 92464K, reserved 1130496K
  class space    used 11567K, capacity 12226K, committed 12336K, reserved 1048576K
GC Heap History (10 events):
Event: 14.077 GC heap before
{Heap before GC invocations=11 (full 2):
 PSYoungGen      total 309760K, used 75242K [0x00000000e0000000, 0x00000000f4900000, 0x0000000100000000)
  eden space 295936K, 20% used [0x00000000e0000000,0x00000000e3c00718,0x00000000f2100000)
  from space 13824K, 99% used [0x00000000f3500000,0x00000000f427a328,0x00000000f4280000)
  to   space 20480K, 0% used [0x00000000f2100000,0x00000000f2100000,0x00000000f3500000)
 ParOldGen       total 67072K, used 28600K [0x00000000a0000000, 0x00000000a4180000, 0x00000000e0000000)
  object space 67072K, 42% used [0x00000000a0000000,0x00000000a1bee2f8,0x00000000a4180000)
 Metaspace       used 57684K, capacity 59146K, committed 59160K, reserved 1099776K
  class space    used 7946K, capacity 8366K, committed 8368K, reserved 1048576K
Event: 14.102 GC heap after
Heap after GC invocations=11 (full 2):
 PSYoungGen      total 316416K, used 17922K [0x00000000e0000000, 0x00000000fa480000, 0x0000000100000000)
  eden space 295936K, 0% used [0x00000000e0000000,0x00000000e0000000,0x00000000f2100000)
  from space 20480K, 87% used [0x00000000f2100000,0x00000000f3280b68,0x00000000f3500000)
  to   space 22528K, 0% used [0x00000000f8e80000,0x00000000f8e80000,0x00000000fa480000)
 ParOldGen       total 67072K, used 28672K [0x00000000a0000000, 0x00000000a4180000, 0x00000000e0000000)
  object space 67072K, 42% used [0x00000000a0000000,0x00000000a1c00308,0x00000000a4180000)
 Metaspace       used 57684K, capacity 59146K, committed 59160K, reserved 1099776K
  class space    used 7946K, capacity 8366K, committed 8368K, reserved 1048576K
}
Event: 14.102 GC heap before
{Heap before GC invocations=12 (full 3):
 PSYoungGen      total 316416K, used 17922K [0x00000000e0000000, 0x00000000fa480000, 0x0000000100000000)
  eden space 295936K, 0% used [0x00000000e0000000,0x00000000e0000000,0x00000000f2100000)
  from space 20480K, 87% used [0x00000000f2100000,0x00000000f3280b68,0x00000000f3500000)
  to   space 22528K, 0% used [0x00000000f8e80000,0x00000000f8e80000,0x00000000fa480000)
 ParOldGen       total 67072K, used 28672K [0x00000000a0000000, 0x00000000a4180000, 0x00000000e0000000)
  object space 67072K, 42% used [0x00000000a0000000,0x00000000a1c00308,0x00000000a4180000)
 Metaspace       used 57684K, capacity 59146K, committed 59160K, reserved 1099776K
  class space    used 7946K, capacity 8366K, committed 8368K, reserved 1048576K
Event: 14.447 GC heap after
Heap after GC invocations=12 (full 3):
 PSYoungGen      total 316416K, used 0K [0x00000000e0000000, 0x00000000fa480000, 0x0000000100000000)
  eden space 295936K, 0% used [0x00000000e0000000,0x00000000e0000000,0x00000000f2100000)
  from space 20480K, 0% used [0x00000000f2100000,0x00000000f2100000,0x00000000f3500000)
  to   space 22528K, 0% used [0x00000000f8e80000,0x00000000f8e80000,0x00000000fa480000)
 ParOldGen       total 98304K, used 31292K [0x00000000a0000000, 0x00000000a6000000, 0x00000000e0000000)
  object space 98304K, 31% used [0x00000000a0000000,0x00000000a1e8f2b8,0x00000000a6000000)
 Metaspace       used 57684K, capacity 59146K, committed 59160K, reserved 1099776K
  class space    used 7946K, capacity 8366K, committed 8368K, reserved 1048576K
}
Event: 20.810 GC heap before
{Heap before GC invocations=13 (full 3):
 PSYoungGen      total 316416K, used 295936K [0x00000000e0000000, 0x00000000fa480000, 0x0000000100000000)
  eden space 295936K, 100% used [0x00000000e0000000,0x00000000f2100000,0x00000000f2100000)
  from space 20480K, 0% used [0x00000000f2100000,0x00000000f2100000,0x00000000f3500000)
  to   space 22528K, 0% used [0x00000000f8e80000,0x00000000f8e80000,0x00000000fa480000)
 ParOldGen       total 98304K, used 31292K [0x00000000a0000000, 0x00000000a6000000, 0x00000000e0000000)
  object space 98304K, 31% used [0x00000000a0000000,0x00000000a1e8f2b8,0x00000000a6000000)
 Metaspace       used 69875K, capacity 71500K, committed 71728K, reserved 1112064K
  class space    used 9264K, capacity 9705K, committed 9776K, reserved 1048576K
Event: 20.901 GC heap after
Heap after GC invocations=13 (full 3):
 PSYoungGen      total 388096K, used 22502K [0x00000000e0000000, 0x00000000fb400000, 0x0000000100000000)
  eden space 365568K, 0% used [0x00000000e0000000,0x00000000e0000000,0x00000000f6500000)
  from space 22528K, 99% used [0x00000000f8e80000,0x00000000fa479ba8,0x00000000fa480000)
  to   space 40448K, 0% used [0x00000000f6500000,0x00000000f6500000,0x00000000f8c80000)
 ParOldGen       total 98304K, used 69963K [0x00000000a0000000, 0x00000000a6000000, 0x00000000e0000000)
  object space 98304K, 71% used [0x00000000a0000000,0x00000000a4452f78,0x00000000a6000000)
 Metaspace       used 69875K, capacity 71500K, committed 71728K, reserved 1112064K
  class space    used 9264K, capacity 9705K, committed 9776K, reserved 1048576K
}
Event: 27.648 GC heap before
{Heap before GC invocations=14 (full 3):
 PSYoungGen      total 388096K, used 388070K [0x00000000e0000000, 0x00000000fb400000, 0x0000000100000000)
  eden space 365568K, 100% used [0x00000000e0000000,0x00000000f6500000,0x00000000f6500000)
  from space 22528K, 99% used [0x00000000f8e80000,0x00000000fa479ba8,0x00000000fa480000)
  to   space 40448K, 0% used [0x00000000f6500000,0x00000000f6500000,0x00000000f8c80000)
 ParOldGen       total 98304K, used 69963K [0x00000000a0000000, 0x00000000a6000000, 0x00000000e0000000)
  object space 98304K, 71% used [0x00000000a0000000,0x00000000a4452f78,0x00000000a6000000)
 Metaspace       used 84995K, capacity 87778K, committed 87984K, reserved 1126400K
  class space    used 11226K, capacity 11858K, committed 11952K, reserved 1048576K
Event: 27.723 GC heap after
Heap after GC invocations=14 (full 3):
 PSYoungGen      total 406016K, used 40419K [0x00000000e0000000, 0x0000000100000000, 0x0000000100000000)
  eden space 365568K, 0% used [0x00000000e0000000,0x00000000e0000000,0x00000000f6500000)
  from space 40448K, 99% used [0x00000000f6500000,0x00000000f8c78fd8,0x00000000f8c80000)
  to   space 55296K, 0% used [0x00000000fca00000,0x00000000fca00000,0x0000000100000000)
 ParOldGen       total 98304K, used 91882K [0x00000000a0000000, 0x00000000a6000000, 0x00000000e0000000)
  object space 98304K, 93% used [0x00000000a0000000,0x00000000a59bab70,0x00000000a6000000)
 Metaspace       used 84995K, capacity 87778K, committed 87984K, reserved 1126400K
  class space    used 11226K, capacity 11858K, committed 11952K, reserved 1048576K
}
Event: 27.723 GC heap before
{Heap before GC invocations=15 (full 4):
 PSYoungGen      total 406016K, used 40419K [0x00000000e0000000, 0x0000000100000000, 0x0000000100000000)
  eden space 365568K, 0% used [0x00000000e0000000,0x00000000e0000000,0x00000000f6500000)
  from space 40448K, 99% used [0x00000000f6500000,0x00000000f8c78fd8,0x00000000f8c80000)
  to   space 55296K, 0% used [0x00000000fca00000,0x00000000fca00000,0x0000000100000000)
 ParOldGen       total 98304K, used 91882K [0x00000000a0000000, 0x00000000a6000000, 0x00000000e0000000)
  object space 98304K, 93% used [0x00000000a0000000,0x00000000a59bab70,0x00000000a6000000)
 Metaspace       used 84995K, capacity 87778K, committed 87984K, reserved 1126400K
  class space    used 11226K, capacity 11858K, committed 11952K, reserved 1048576K
Event: 27.937 GC heap after
Heap after GC invocations=15 (full 4):
 PSYoungGen      total 406016K, used 0K [0x00000000e0000000, 0x0000000100000000, 0x0000000100000000)
  eden space 365568K, 0% used [0x00000000e0000000,0x00000000e0000000,0x00000000f6500000)
  from space 40448K, 0% used [0x00000000f6500000,0x00000000f6500000,0x00000000f8c80000)
  to   space 55296K, 0% used [0x00000000fca00000,0x00000000fca00000,0x0000000100000000)
 ParOldGen       total 177664K, used 72407K [0x00000000a0000000, 0x00000000aad80000, 0x00000000e0000000)
  object space 177664K, 40% used [0x00000000a0000000,0x00000000a46b5f98,0x00000000aad80000)
 Metaspace       used 84954K, capacity 87666K, committed 87984K, reserved 1126400K
  class space    used 11211K, capacity 11832K, committed 11952K, reserved 1048576K
}

