# JRE version: OpenJDK Runtime Environment (8.0_152-b01) (build 1.8.0_152-release-1248-b01)
# Java VM: OpenJDK 64-Bit Server VM (25.152-b01 mixed mode windows-amd64 compressed oops)
Heap:
 PSYoungGen      total 409088K, used 206900K [0x00000000e0000000, 0x00000000fc300000, 0x0000000100000000)
  eden space 386560K, 47% used [0x00000000e0000000,0x00000000eb40e568,0x00000000f7980000)
  from space 22528K, 99% used [0x00000000fad00000,0x00000000fc2feb18,0x00000000fc300000)
  to   space 36864K, 0% used [0x00000000f7b00000,0x00000000f7b00000,0x00000000f9f00000)
 ParOldGen       total 92672K, used 61035K [0x00000000a0000000, 0x00000000a5a80000, 0x00000000e0000000)
  object space 92672K, 65% used [0x00000000a0000000,0x00000000a3b9ad58,0x00000000a5a80000)
 Metaspace       used 75658K, capacity 77422K, committed 77616K, reserved 1116160K
  class space    used 9728K, capacity 10182K, committed 10288K, reserved 1048576K
GC Heap History (10 events):
Event: 7.513 GC heap before
{Heap before GC invocations=9 (full 2):
 PSYoungGen      total 205824K, used 11179K [0x00000000e0000000, 0x00000000f4680000, 0x0000000100000000)
  eden space 194048K, 0% used [0x00000000e0000000,0x00000000e0000000,0x00000000ebd80000)
  from space 11776K, 94% used [0x00000000ebd80000,0x00000000ec86ad78,0x00000000ec900000)
  to   space 13312K, 0% used [0x00000000f3980000,0x00000000f3980000,0x00000000f4680000)
 ParOldGen       total 49664K, used 12097K [0x00000000a0000000, 0x00000000a3080000, 0x00000000e0000000)
  object space 49664K, 24% used [0x00000000a0000000,0x00000000a0bd0460,0x00000000a3080000)
 Metaspace       used 34764K, capacity 35326K, committed 35496K, reserved 1079296K
  class space    used 4847K, capacity 5065K, committed 5168K, reserved 1048576K
Event: 7.598 GC heap after
Heap after GC invocations=9 (full 2):
 PSYoungGen      total 205824K, used 0K [0x00000000e0000000, 0x00000000f4680000, 0x0000000100000000)
  eden space 194048K, 0% used [0x00000000e0000000,0x00000000e0000000,0x00000000ebd80000)
  from space 11776K, 0% used [0x00000000ebd80000,0x00000000ebd80000,0x00000000ec900000)
  to   space 13312K, 0% used [0x00000000f3980000,0x00000000f3980000,0x00000000f4680000)
 ParOldGen       total 64000K, used 17720K [0x00000000a0000000, 0x00000000a3e80000, 0x00000000e0000000)
  object space 64000K, 27% used [0x00000000a0000000,0x00000000a114e1b8,0x00000000a3e80000)
 Metaspace       used 34764K, capacity 35326K, committed 35496K, reserved 1079296K
  class space    used 4847K, capacity 5065K, committed 5168K, reserved 1048576K
}
Event: 10.556 GC heap before
{Heap before GC invocations=10 (full 2):
 PSYoungGen      total 205824K, used 194048K [0x00000000e0000000, 0x00000000f4680000, 0x0000000100000000)
  eden space 194048K, 100% used [0x00000000e0000000,0x00000000ebd80000,0x00000000ebd80000)
  from space 11776K, 0% used [0x00000000ebd80000,0x00000000ebd80000,0x00000000ec900000)
  to   space 13312K, 0% used [0x00000000f3980000,0x00000000f3980000,0x00000000f4680000)
 ParOldGen       total 64000K, used 17720K [0x00000000a0000000, 0x00000000a3e80000, 0x00000000e0000000)
  object space 64000K, 27% used [0x00000000a0000000,0x00000000a114e1b8,0x00000000a3e80000)
 Metaspace       used 53073K, capacity 54154K, committed 54448K, reserved 1095680K
  class space    used 7186K, capacity 7530K, committed 7600K, reserved 1048576K
Event: 10.582 GC heap after
Heap after GC invocations=10 (full 2):
 PSYoungGen      total 313856K, used 13300K [0x00000000e0000000, 0x00000000f6600000, 0x0000000100000000)
  eden space 300544K, 0% used [0x00000000e0000000,0x00000000e0000000,0x00000000f2580000)
  from space 13312K, 99% used [0x00000000f3980000,0x00000000f467d030,0x00000000f4680000)
  to   space 20480K, 0% used [0x00000000f2580000,0x00000000f2580000,0x00000000f3980000)
 ParOldGen       total 64000K, used 29054K [0x00000000a0000000, 0x00000000a3e80000, 0x00000000e0000000)
  object space 64000K, 45% used [0x00000000a0000000,0x00000000a1c5f868,0x00000000a3e80000)
 Metaspace       used 53073K, capacity 54154K, committed 54448K, reserved 1095680K
  class space    used 7186K, capacity 7530K, committed 7600K, reserved 1048576K
}
Event: 11.799 GC heap before
{Heap before GC invocations=11 (full 2):
 PSYoungGen      total 313856K, used 74658K [0x00000000e0000000, 0x00000000f6600000, 0x0000000100000000)
  eden space 300544K, 20% used [0x00000000e0000000,0x00000000e3bebaa0,0x00000000f2580000)
  from space 13312K, 99% used [0x00000000f3980000,0x00000000f467d030,0x00000000f4680000)
  to   space 20480K, 0% used [0x00000000f2580000,0x00000000f2580000,0x00000000f3980000)
 ParOldGen       total 64000K, used 29054K [0x00000000a0000000, 0x00000000a3e80000, 0x00000000e0000000)
  object space 64000K, 45% used [0x00000000a0000000,0x00000000a1c5f868,0x00000000a3e80000)
 Metaspace       used 57704K, capacity 59142K, committed 59160K, reserved 1099776K
  class space    used 7937K, capacity 8366K, committed 8368K, reserved 1048576K
Event: 11.821 GC heap after
Heap after GC invocations=11 (full 2):
 PSYoungGen      total 321024K, used 17918K [0x00000000e0000000, 0x00000000fc300000, 0x0000000100000000)
  eden space 300544K, 0% used [0x00000000e0000000,0x00000000e0000000,0x00000000f2580000)
  from space 20480K, 87% used [0x00000000f2580000,0x00000000f36ffbe8,0x00000000f3980000)
  to   space 22528K, 0% used [0x00000000fad00000,0x00000000fad00000,0x00000000fc300000)
 ParOldGen       total 64000K, used 29062K [0x00000000a0000000, 0x00000000a3e80000, 0x00000000e0000000)
  object space 64000K, 45% used [0x00000000a0000000,0x00000000a1c61868,0x00000000a3e80000)
 Metaspace       used 57704K, capacity 59142K, committed 59160K, reserved 1099776K
  class space    used 7937K, capacity 8366K, committed 8368K, reserved 1048576K
}
Event: 11.821 GC heap before
{Heap before GC invocations=12 (full 3):
 PSYoungGen      total 321024K, used 17918K [0x00000000e0000000, 0x00000000fc300000, 0x0000000100000000)
  eden space 300544K, 0% used [0x00000000e0000000,0x00000000e0000000,0x00000000f2580000)
  from space 20480K, 87% used [0x00000000f2580000,0x00000000f36ffbe8,0x00000000f3980000)
  to   space 22528K, 0% used [0x00000000fad00000,0x00000000fad00000,0x00000000fc300000)
 ParOldGen       total 64000K, used 29062K [0x00000000a0000000, 0x00000000a3e80000, 0x00000000e0000000)
  object space 64000K, 45% used [0x00000000a0000000,0x00000000a1c61868,0x00000000a3e80000)
 Metaspace       used 57704K, capacity 59142K, committed 59160K, reserved 1099776K
  class space    used 7937K, capacity 8366K, committed 8368K, reserved 1048576K
Event: 12.074 GC heap after
Heap after GC invocations=12 (full 3):
 PSYoungGen      total 321024K, used 0K [0x00000000e0000000, 0x00000000fc300000, 0x0000000100000000)
  eden space 300544K, 0% used [0x00000000e0000000,0x00000000e0000000,0x00000000f2580000)
  from space 20480K, 0% used [0x00000000f2580000,0x00000000f2580000,0x00000000f3980000)
  to   space 22528K, 0% used [0x00000000fad00000,0x00000000fad00000,0x00000000fc300000)
 ParOldGen       total 92672K, used 31213K [0x00000000a0000000, 0x00000000a5a80000, 0x00000000e0000000)
  object space 92672K, 33% used [0x00000000a0000000,0x00000000a1e7b780,0x00000000a5a80000)
 Metaspace       used 57704K, capacity 59142K, committed 59160K, reserved 1099776K
  class space    used 7937K, capacity 8366K, committed 8368K, reserved 1048576K
}
Event: 19.223 GC heap before
{Heap before GC invocations=13 (full 3):
 PSYoungGen      total 321024K, used 300544K [0x00000000e0000000, 0x00000000fc300000, 0x0000000100000000)
  eden space 300544K, 100% used [0x00000000e0000000,0x00000000f2580000,0x00000000f2580000)
  from space 20480K, 0% used [0x00000000f2580000,0x00000000f2580000,0x00000000f3980000)
  to   space 22528K, 0% used [0x00000000fad00000,0x00000000fad00000,0x00000000fc300000)
 ParOldGen       total 92672K, used 31213K [0x00000000a0000000, 0x00000000a5a80000, 0x00000000e0000000)
  object space 92672K, 33% used [0x00000000a0000000,0x00000000a1e7b780,0x00000000a5a80000)
 Metaspace       used 70663K, capacity 72192K, committed 72368K, reserved 1112064K
  class space    used 9359K, capacity 9783K, committed 9904K, reserved 1048576K
Event: 19.293 GC heap after
Heap after GC invocations=13 (full 3):
 PSYoungGen      total 409088K, used 22522K [0x00000000e0000000, 0x00000000fc300000, 0x0000000100000000)
  eden space 386560K, 0% used [0x00000000e0000000,0x00000000e0000000,0x00000000f7980000)
  from space 22528K, 99% used [0x00000000fad00000,0x00000000fc2feb18,0x00000000fc300000)
  to   space 36864K, 0% used [0x00000000f7b00000,0x00000000f7b00000,0x00000000f9f00000)
 ParOldGen       total 92672K, used 61035K [0x00000000a0000000, 0x00000000a5a80000, 0x00000000e0000000)
  object space 92672K, 65% used [0x00000000a0000000,0x00000000a3b9ad58,0x00000000a5a80000)
 Metaspace       used 70663K, capacity 72192K, committed 72368K, reserved 1112064K
  class space    used 9359K, capacity 9783K, committed 9904K, reserved 1048576K
}

