# JRE version: OpenJDK Runtime Environment (8.0_152-b01) (build 1.8.0_152-release-1248-b01)
# Java VM: OpenJDK 64-Bit Server VM (25.152-b01 mixed mode windows-amd64 compressed oops)
Heap:
 PSYoungGen      total 453120K, used 275857K [0x00000000e0000000, 0x0000000100000000, 0x0000000100000000)
  eden space 407552K, 56% used [0x00000000e0000000,0x00000000ee12acc8,0x00000000f8e00000)
  from space 45568K, 99% used [0x00000000f8e00000,0x00000000fba39778,0x00000000fba80000)
  to   space 63488K, 0% used [0x00000000fc200000,0x00000000fc200000,0x0000000100000000)
 ParOldGen       total 198656K, used 114755K [0x00000000a0000000, 0x00000000ac200000, 0x00000000e0000000)
  object space 198656K, 57% used [0x00000000a0000000,0x00000000a7010d10,0x00000000ac200000)
 Metaspace       used 165154K, capacity 171594K, committed 172464K, reserved 1200128K
  class space    used 19462K, capacity 20602K, committed 21424K, reserved 1048576K
GC Heap History (10 events):
Event: 6633.707 GC heap before
{Heap before GC invocations=111 (full 6):
 PSYoungGen      total 494592K, used 475609K [0x00000000e0000000, 0x00000000ffd00000, 0x0000000100000000)
  eden space 467968K, 99% used [0x00000000e0000000,0x00000000fc88d010,0x00000000fc900000)
  from space 26624K, 30% used [0x00000000fe300000,0x00000000feae95d0,0x00000000ffd00000)
  to   space 26624K, 0% used [0x00000000fc900000,0x00000000fc900000,0x00000000fe300000)
 ParOldGen       total 198656K, used 70728K [0x00000000a0000000, 0x00000000ac200000, 0x00000000e0000000)
  object space 198656K, 35% used [0x00000000a0000000,0x00000000a45120d0,0x00000000ac200000)
 Metaspace       used 137216K, capacity 143370K, committed 154800K, reserved 1183744K
  class space    used 16349K, capacity 17426K, committed 21424K, reserved 1048576K
Event: 6633.720 GC heap after
Heap after GC invocations=111 (full 6):
 PSYoungGen      total 494592K, used 6947K [0x00000000e0000000, 0x00000000ffe00000, 0x0000000100000000)
  eden space 467968K, 0% used [0x00000000e0000000,0x00000000e0000000,0x00000000fc900000)
  from space 26624K, 26% used [0x00000000fc900000,0x00000000fcfc8d08,0x00000000fe300000)
  to   space 25600K, 0% used [0x00000000fe500000,0x00000000fe500000,0x00000000ffe00000)
 ParOldGen       total 198656K, used 71965K [0x00000000a0000000, 0x00000000ac200000, 0x00000000e0000000)
  object space 198656K, 36% used [0x00000000a0000000,0x00000000a46477b8,0x00000000ac200000)
 Metaspace       used 137216K, capacity 143370K, committed 154800K, reserved 1183744K
  class space    used 16349K, capacity 17426K, committed 21424K, reserved 1048576K
}
Event: 6985.634 GC heap before
{Heap before GC invocations=112 (full 6):
 PSYoungGen      total 494592K, used 474803K [0x00000000e0000000, 0x00000000ffe00000, 0x0000000100000000)
  eden space 467968K, 99% used [0x00000000e0000000,0x00000000fc8e4100,0x00000000fc900000)
  from space 26624K, 26% used [0x00000000fc900000,0x00000000fcfc8d08,0x00000000fe300000)
  to   space 25600K, 0% used [0x00000000fe500000,0x00000000fe500000,0x00000000ffe00000)
 ParOldGen       total 198656K, used 71965K [0x00000000a0000000, 0x00000000ac200000, 0x00000000e0000000)
  object space 198656K, 36% used [0x00000000a0000000,0x00000000a46477b8,0x00000000ac200000)
 Metaspace       used 142925K, capacity 149078K, committed 154800K, reserved 1183744K
  class space    used 16987K, capacity 18074K, committed 21424K, reserved 1048576K
Event: 6985.727 GC heap after
Heap after GC invocations=112 (full 6):
 PSYoungGen      total 466944K, used 25593K [0x00000000e0000000, 0x0000000100000000, 0x0000000100000000)
  eden space 441344K, 0% used [0x00000000e0000000,0x00000000e0000000,0x00000000faf00000)
  from space 25600K, 99% used [0x00000000fe500000,0x00000000ffdfe638,0x00000000ffe00000)
  to   space 41472K, 0% used [0x00000000faf00000,0x00000000faf00000,0x00000000fd780000)
 ParOldGen       total 198656K, used 103415K [0x00000000a0000000, 0x00000000ac200000, 0x00000000e0000000)
  object space 198656K, 52% used [0x00000000a0000000,0x00000000a64fdce0,0x00000000ac200000)
 Metaspace       used 142925K, capacity 149078K, committed 154800K, reserved 1183744K
  class space    used 16987K, capacity 18074K, committed 21424K, reserved 1048576K
}
Event: 7200.353 GC heap before
{Heap before GC invocations=113 (full 6):
 PSYoungGen      total 466944K, used 466937K [0x00000000e0000000, 0x0000000100000000, 0x0000000100000000)
  eden space 441344K, 100% used [0x00000000e0000000,0x00000000faf00000,0x00000000faf00000)
  from space 25600K, 99% used [0x00000000fe500000,0x00000000ffdfe638,0x00000000ffe00000)
  to   space 41472K, 0% used [0x00000000faf00000,0x00000000faf00000,0x00000000fd780000)
 ParOldGen       total 198656K, used 103415K [0x00000000a0000000, 0x00000000ac200000, 0x00000000e0000000)
  object space 198656K, 52% used [0x00000000a0000000,0x00000000a64fdce0,0x00000000ac200000)
 Metaspace       used 148696K, capacity 154978K, committed 157872K, reserved 1185792K
  class space    used 17625K, capacity 18722K, committed 21424K, reserved 1048576K
Event: 7200.417 GC heap after
Heap after GC invocations=113 (full 6):
 PSYoungGen      total 482816K, used 41453K [0x00000000e0000000, 0x0000000100000000, 0x0000000100000000)
  eden space 441344K, 0% used [0x00000000e0000000,0x00000000e0000000,0x00000000faf00000)
  from space 41472K, 99% used [0x00000000faf00000,0x00000000fd77b558,0x00000000fd780000)
  to   space 41472K, 0% used [0x00000000fd780000,0x00000000fd780000,0x0000000100000000)
 ParOldGen       total 198656K, used 108728K [0x00000000a0000000, 0x00000000ac200000, 0x00000000e0000000)
  object space 198656K, 54% used [0x00000000a0000000,0x00000000a6a2e168,0x00000000ac200000)
 Metaspace       used 148696K, capacity 154978K, committed 157872K, reserved 1185792K
  class space    used 17625K, capacity 18722K, committed 21424K, reserved 1048576K
}
Event: 7304.706 GC heap before
{Heap before GC invocations=114 (full 6):
 PSYoungGen      total 482816K, used 482797K [0x00000000e0000000, 0x0000000100000000, 0x0000000100000000)
  eden space 441344K, 100% used [0x00000000e0000000,0x00000000faf00000,0x00000000faf00000)
  from space 41472K, 99% used [0x00000000faf00000,0x00000000fd77b558,0x00000000fd780000)
  to   space 41472K, 0% used [0x00000000fd780000,0x00000000fd780000,0x0000000100000000)
 ParOldGen       total 198656K, used 108728K [0x00000000a0000000, 0x00000000ac200000, 0x00000000e0000000)
  object space 198656K, 54% used [0x00000000a0000000,0x00000000a6a2e168,0x00000000ac200000)
 Metaspace       used 154417K, capacity 160750K, committed 162992K, reserved 1191936K
  class space    used 18263K, capacity 19370K, committed 21424K, reserved 1048576K
Event: 7304.781 GC heap after
Heap after GC invocations=114 (full 6):
 PSYoungGen      total 449024K, used 41450K [0x00000000e0000000, 0x0000000100000000, 0x0000000100000000)
  eden space 407552K, 0% used [0x00000000e0000000,0x00000000e0000000,0x00000000f8e00000)
  from space 41472K, 99% used [0x00000000fd780000,0x00000000ffffa838,0x0000000100000000)
  to   space 58368K, 0% used [0x00000000f8e00000,0x00000000f8e00000,0x00000000fc700000)
 ParOldGen       total 198656K, used 114707K [0x00000000a0000000, 0x00000000ac200000, 0x00000000e0000000)
  object space 198656K, 57% used [0x00000000a0000000,0x00000000a7004d10,0x00000000ac200000)
 Metaspace       used 154417K, capacity 160750K, committed 162992K, reserved 1191936K
  class space    used 18263K, capacity 19370K, committed 21424K, reserved 1048576K
}
Event: 7510.455 GC heap before
{Heap before GC invocations=115 (full 6):
 PSYoungGen      total 449024K, used 449002K [0x00000000e0000000, 0x0000000100000000, 0x0000000100000000)
  eden space 407552K, 100% used [0x00000000e0000000,0x00000000f8e00000,0x00000000f8e00000)
  from space 41472K, 99% used [0x00000000fd780000,0x00000000ffffa838,0x0000000100000000)
  to   space 58368K, 0% used [0x00000000f8e00000,0x00000000f8e00000,0x00000000fc700000)
 ParOldGen       total 198656K, used 114707K [0x00000000a0000000, 0x00000000ac200000, 0x00000000e0000000)
  object space 198656K, 57% used [0x00000000a0000000,0x00000000a7004d10,0x00000000ac200000)
 Metaspace       used 160164K, capacity 166586K, committed 168112K, reserved 1196032K
  class space    used 18900K, capacity 20018K, committed 21424K, reserved 1048576K
Event: 7510.556 GC heap after
Heap after GC invocations=115 (full 6):
 PSYoungGen      total 453120K, used 45285K [0x00000000e0000000, 0x0000000100000000, 0x0000000100000000)
  eden space 407552K, 0% used [0x00000000e0000000,0x00000000e0000000,0x00000000f8e00000)
  from space 45568K, 99% used [0x00000000f8e00000,0x00000000fba39778,0x00000000fba80000)
  to   space 63488K, 0% used [0x00000000fc200000,0x00000000fc200000,0x0000000100000000)
 ParOldGen       total 198656K, used 114755K [0x00000000a0000000, 0x00000000ac200000, 0x00000000e0000000)
  object space 198656K, 57% used [0x00000000a0000000,0x00000000a7010d10,0x00000000ac200000)
 Metaspace       used 160164K, capacity 166586K, committed 168112K, reserved 1196032K
  class space    used 18900K, capacity 20018K, committed 21424K, reserved 1048576K
}

