# JRE version: OpenJDK Runtime Environment (8.0_152-b01) (build 1.8.0_152-release-1248-b01)
# Java VM: OpenJDK 64-Bit Server VM (25.152-b01 mixed mode windows-amd64 compressed oops)
Heap:
 PSYoungGen      total 409088K, used 166522K [0x00000000e0000000, 0x0000000100000000, 0x0000000100000000)
  eden space 400896K, 41% used [0x00000000e0000000,0x00000000ea29e990,0x00000000f8780000)
  from space 8192K, 0% used [0x00000000fad00000,0x00000000fad00000,0x00000000fb500000)
  to   space 38400K, 0% used [0x00000000f8780000,0x00000000f8780000,0x00000000fad00000)
 ParOldGen       total 92160K, used 66330K [0x00000000a0000000, 0x00000000a5a00000, 0x00000000e0000000)
  object space 92160K, 71% used [0x00000000a0000000,0x00000000a40c6b30,0x00000000a5a00000)
 Metaspace       used 78666K, capacity 81768K, committed 81968K, reserved 1120256K
  class space    used 10393K, capacity 11055K, committed 11056K, reserved 1048576K
GC Heap History (10 events):
Event: 13.233 GC heap before
{Heap before GC invocations=12 (full 3):
 PSYoungGen      total 323584K, used 18042K [0x00000000e0000000, 0x00000000fc300000, 0x0000000100000000)
  eden space 303104K, 0% used [0x00000000e0000000,0x00000000e0000000,0x00000000f2800000)
  from space 20480K, 88% used [0x00000000f2800000,0x00000000f399e9e0,0x00000000f3c00000)
  to   space 22528K, 0% used [0x00000000fad00000,0x00000000fad00000,0x00000000fc300000)
 ParOldGen       total 64512K, used 28483K [0x00000000a0000000, 0x00000000a3f00000, 0x00000000e0000000)
  object space 64512K, 44% used [0x00000000a0000000,0x00000000a1bd0c10,0x00000000a3f00000)
 Metaspace       used 57653K, capacity 59080K, committed 59160K, reserved 1099776K
  class space    used 7917K, capacity 8321K, committed 8368K, reserved 1048576K
Event: 13.475 GC heap after
Heap after GC invocations=12 (full 3):
 PSYoungGen      total 323584K, used 0K [0x00000000e0000000, 0x00000000fc300000, 0x0000000100000000)
  eden space 303104K, 0% used [0x00000000e0000000,0x00000000e0000000,0x00000000f2800000)
  from space 20480K, 0% used [0x00000000f2800000,0x00000000f2800000,0x00000000f3c00000)
  to   space 22528K, 0% used [0x00000000fad00000,0x00000000fad00000,0x00000000fc300000)
 ParOldGen       total 92160K, used 31362K [0x00000000a0000000, 0x00000000a5a00000, 0x00000000e0000000)
  object space 92160K, 34% used [0x00000000a0000000,0x00000000a1ea0aa0,0x00000000a5a00000)
 Metaspace       used 57653K, capacity 59080K, committed 59160K, reserved 1099776K
  class space    used 7917K, capacity 8321K, committed 8368K, reserved 1048576K
}
Event: 17.454 GC heap before
{Heap before GC invocations=13 (full 3):
 PSYoungGen      total 323584K, used 302412K [0x00000000e0000000, 0x00000000fc300000, 0x0000000100000000)
  eden space 303104K, 99% used [0x00000000e0000000,0x00000000f2753050,0x00000000f2800000)
  from space 20480K, 0% used [0x00000000f2800000,0x00000000f2800000,0x00000000f3c00000)
  to   space 22528K, 0% used [0x00000000fad00000,0x00000000fad00000,0x00000000fc300000)
 ParOldGen       total 92160K, used 31362K [0x00000000a0000000, 0x00000000a5a00000, 0x00000000e0000000)
  object space 92160K, 34% used [0x00000000a0000000,0x00000000a1ea0aa0,0x00000000a5a00000)
 Metaspace       used 60307K, capacity 61946K, committed 62256K, reserved 1103872K
  class space    used 8214K, capacity 8642K, committed 8752K, reserved 1048576K
Event: 17.466 GC heap after
Heap after GC invocations=13 (full 3):
 PSYoungGen      total 397824K, used 7902K [0x00000000e0000000, 0x00000000fb500000, 0x0000000100000000)
  eden space 389632K, 0% used [0x00000000e0000000,0x00000000e0000000,0x00000000f7c80000)
  from space 8192K, 96% used [0x00000000fad00000,0x00000000fb4b7b68,0x00000000fb500000)
  to   space 22016K, 0% used [0x00000000f8a00000,0x00000000f8a00000,0x00000000f9f80000)
 ParOldGen       total 92160K, used 31370K [0x00000000a0000000, 0x00000000a5a00000, 0x00000000e0000000)
  object space 92160K, 34% used [0x00000000a0000000,0x00000000a1ea2aa0,0x00000000a5a00000)
 Metaspace       used 60307K, capacity 61946K, committed 62256K, reserved 1103872K
  class space    used 8214K, capacity 8642K, committed 8752K, reserved 1048576K
}
Event: 19.777 GC heap before
{Heap before GC invocations=14 (full 3):
 PSYoungGen      total 397824K, used 397534K [0x00000000e0000000, 0x00000000fb500000, 0x0000000100000000)
  eden space 389632K, 100% used [0x00000000e0000000,0x00000000f7c80000,0x00000000f7c80000)
  from space 8192K, 96% used [0x00000000fad00000,0x00000000fb4b7b68,0x00000000fb500000)
  to   space 22016K, 0% used [0x00000000f8a00000,0x00000000f8a00000,0x00000000f9f80000)
 ParOldGen       total 92160K, used 31370K [0x00000000a0000000, 0x00000000a5a00000, 0x00000000e0000000)
  object space 92160K, 34% used [0x00000000a0000000,0x00000000a1ea2aa0,0x00000000a5a00000)
 Metaspace       used 64815K, capacity 66820K, committed 66864K, reserved 1107968K
  class space    used 8760K, capacity 9245K, committed 9264K, reserved 1048576K
Event: 19.811 GC heap after
Heap after GC invocations=14 (full 3):
 PSYoungGen      total 411648K, used 21990K [0x00000000e0000000, 0x00000000fb500000, 0x0000000100000000)
  eden space 389632K, 0% used [0x00000000e0000000,0x00000000e0000000,0x00000000f7c80000)
  from space 22016K, 99% used [0x00000000f8a00000,0x00000000f9f799c0,0x00000000f9f80000)
  to   space 8192K, 0% used [0x00000000fad00000,0x00000000fad00000,0x00000000fb500000)
 ParOldGen       total 92160K, used 40744K [0x00000000a0000000, 0x00000000a5a00000, 0x00000000e0000000)
  object space 92160K, 44% used [0x00000000a0000000,0x00000000a27ca0f0,0x00000000a5a00000)
 Metaspace       used 64815K, capacity 66820K, committed 66864K, reserved 1107968K
  class space    used 8760K, capacity 9245K, committed 9264K, reserved 1048576K
}
Event: 112.654 GC heap before
{Heap before GC invocations=15 (full 3):
 PSYoungGen      total 411648K, used 391265K [0x00000000e0000000, 0x00000000fb500000, 0x0000000100000000)
  eden space 389632K, 94% used [0x00000000e0000000,0x00000000f689ec08,0x00000000f7c80000)
  from space 22016K, 99% used [0x00000000f8a00000,0x00000000f9f799c0,0x00000000f9f80000)
  to   space 8192K, 0% used [0x00000000fad00000,0x00000000fad00000,0x00000000fb500000)
 ParOldGen       total 92160K, used 40744K [0x00000000a0000000, 0x00000000a5a00000, 0x00000000e0000000)
  object space 92160K, 44% used [0x00000000a0000000,0x00000000a27ca0f0,0x00000000a5a00000)
 Metaspace       used 76821K, capacity 79806K, committed 80048K, reserved 1118208K
  class space    used 10250K, capacity 10896K, committed 10928K, reserved 1048576K
Event: 112.898 GC heap after
Heap after GC invocations=15 (full 3):
 PSYoungGen      total 409088K, used 8176K [0x00000000e0000000, 0x0000000100000000, 0x0000000100000000)
  eden space 400896K, 0% used [0x00000000e0000000,0x00000000e0000000,0x00000000f8780000)
  from space 8192K, 99% used [0x00000000fad00000,0x00000000fb4fc090,0x00000000fb500000)
  to   space 38400K, 0% used [0x00000000f8780000,0x00000000f8780000,0x00000000fad00000)
 ParOldGen       total 92160K, used 75989K [0x00000000a0000000, 0x00000000a5a00000, 0x00000000e0000000)
  object space 92160K, 82% used [0x00000000a0000000,0x00000000a4a354a8,0x00000000a5a00000)
 Metaspace       used 76821K, capacity 79806K, committed 80048K, reserved 1118208K
  class space    used 10250K, capacity 10896K, committed 10928K, reserved 1048576K
}
Event: 112.898 GC heap before
{Heap before GC invocations=16 (full 4):
 PSYoungGen      total 409088K, used 8176K [0x00000000e0000000, 0x0000000100000000, 0x0000000100000000)
  eden space 400896K, 0% used [0x00000000e0000000,0x00000000e0000000,0x00000000f8780000)
  from space 8192K, 99% used [0x00000000fad00000,0x00000000fb4fc090,0x00000000fb500000)
  to   space 38400K, 0% used [0x00000000f8780000,0x00000000f8780000,0x00000000fad00000)
 ParOldGen       total 92160K, used 75989K [0x00000000a0000000, 0x00000000a5a00000, 0x00000000e0000000)
  object space 92160K, 82% used [0x00000000a0000000,0x00000000a4a354a8,0x00000000a5a00000)
 Metaspace       used 76821K, capacity 79806K, committed 80048K, reserved 1118208K
  class space    used 10250K, capacity 10896K, committed 10928K, reserved 1048576K
Event: 113.195 GC heap after
Heap after GC invocations=16 (full 4):
 PSYoungGen      total 409088K, used 0K [0x00000000e0000000, 0x0000000100000000, 0x0000000100000000)
  eden space 400896K, 0% used [0x00000000e0000000,0x00000000e0000000,0x00000000f8780000)
  from space 8192K, 0% used [0x00000000fad00000,0x00000000fad00000,0x00000000fb500000)
  to   space 38400K, 0% used [0x00000000f8780000,0x00000000f8780000,0x00000000fad00000)
 ParOldGen       total 92160K, used 66330K [0x00000000a0000000, 0x00000000a5a00000, 0x00000000e0000000)
  object space 92160K, 71% used [0x00000000a0000000,0x00000000a40c6b30,0x00000000a5a00000)
 Metaspace       used 76785K, capacity 79708K, committed 80048K, reserved 1118208K
  class space    used 10237K, capacity 10873K, committed 10928K, reserved 1048576K
}

